2025-10-13 21:59:45,923 - INFO - ============================================================
2025-10-13 21:59:45,923 - INFO - Billa Price Scraper - Starting
2025-10-13 21:59:45,923 - INFO - ============================================================
2025-10-13 21:59:47,661 - INFO - Completed: 100 / To go: 12164
2025-10-13 21:59:47,661 - INFO - Records in product_list: 100
2025-10-13 21:59:50,904 - INFO - Completed: 200 / To go: 12064
2025-10-13 21:59:50,904 - INFO - Records in product_list: 200
2025-10-13 21:59:54,139 - INFO - Completed: 300 / To go: 11964
2025-10-13 21:59:54,139 - INFO - Records in product_list: 300
2025-10-13 21:59:57,457 - INFO - Completed: 400 / To go: 11864
2025-10-13 21:59:57,457 - INFO - Records in product_list: 400
2025-10-13 22:00:00,597 - INFO - Completed: 500 / To go: 11764
2025-10-13 22:00:00,597 - INFO - Records in product_list: 500
2025-10-13 22:00:04,075 - INFO - Completed: 600 / To go: 11664
2025-10-13 22:00:04,075 - INFO - Records in product_list: 600
2025-10-13 22:00:07,376 - INFO - Completed: 700 / To go: 11564
2025-10-13 22:00:07,377 - INFO - Records in product_list: 700
2025-10-13 22:00:10,511 - INFO - Completed: 800 / To go: 11464
2025-10-13 22:00:10,511 - INFO - Records in product_list: 800
2025-10-13 22:00:13,774 - INFO - Completed: 900 / To go: 11364
2025-10-13 22:00:13,775 - INFO - Records in product_list: 900
2025-10-13 22:00:17,019 - INFO - Completed: 1000 / To go: 11264
2025-10-13 22:00:17,019 - INFO - Records in product_list: 1000
2025-10-13 22:00:20,047 - INFO - Completed: 1100 / To go: 11164
2025-10-13 22:00:20,048 - INFO - Records in product_list: 1100
2025-10-13 22:00:22,939 - INFO - Completed: 1200 / To go: 11064
2025-10-13 22:00:22,939 - INFO - Records in product_list: 1200
2025-10-13 22:00:26,075 - INFO - Completed: 1300 / To go: 10964
2025-10-13 22:00:26,076 - INFO - Records in product_list: 1300
2025-10-13 22:00:29,398 - INFO - Completed: 1400 / To go: 10864
2025-10-13 22:00:29,398 - INFO - Records in product_list: 1400
2025-10-13 22:00:32,581 - INFO - Completed: 1500 / To go: 10764
2025-10-13 22:00:32,581 - INFO - Records in product_list: 1500
2025-10-13 22:00:35,723 - INFO - Completed: 1600 / To go: 10664
2025-10-13 22:00:35,723 - INFO - Records in product_list: 1600
2025-10-13 22:00:38,953 - INFO - Completed: 1700 / To go: 10564
2025-10-13 22:00:38,953 - INFO - Records in product_list: 1700
2025-10-13 22:00:41,906 - INFO - Completed: 1800 / To go: 10464
2025-10-13 22:00:41,906 - INFO - Records in product_list: 1800
2025-10-13 22:00:44,894 - INFO - Completed: 1900 / To go: 10364
2025-10-13 22:00:44,894 - INFO - Records in product_list: 1900
2025-10-13 22:00:47,936 - INFO - Completed: 2000 / To go: 10264
2025-10-13 22:00:47,936 - INFO - Records in product_list: 2000
2025-10-13 22:00:51,120 - INFO - Completed: 2100 / To go: 10164
2025-10-13 22:00:51,120 - INFO - Records in product_list: 2100
2025-10-13 22:00:54,885 - INFO - Completed: 2200 / To go: 10064
2025-10-13 22:00:54,885 - INFO - Records in product_list: 2200
2025-10-13 22:00:57,852 - INFO - Completed: 2300 / To go: 9964
2025-10-13 22:00:57,853 - INFO - Records in product_list: 2300
2025-10-13 22:01:01,951 - INFO - Completed: 2400 / To go: 9864
2025-10-13 22:01:01,951 - INFO - Records in product_list: 2400
2025-10-13 22:01:04,913 - INFO - Completed: 2500 / To go: 9764
2025-10-13 22:01:04,914 - INFO - Records in product_list: 2500
2025-10-13 22:01:07,860 - INFO - Completed: 2600 / To go: 9664
2025-10-13 22:01:07,860 - INFO - Records in product_list: 2600
2025-10-13 22:01:11,885 - INFO - Completed: 2700 / To go: 9564
2025-10-13 22:01:11,885 - INFO - Records in product_list: 2700
2025-10-13 22:01:14,899 - INFO - Completed: 2800 / To go: 9464
2025-10-13 22:01:14,899 - INFO - Records in product_list: 2800
2025-10-13 22:01:18,015 - INFO - Completed: 2900 / To go: 9364
2025-10-13 22:01:18,015 - INFO - Records in product_list: 2900
2025-10-13 22:01:21,159 - INFO - Completed: 3000 / To go: 9264
2025-10-13 22:01:21,159 - INFO - Records in product_list: 3000
2025-10-13 22:01:24,418 - INFO - Completed: 3100 / To go: 9164
2025-10-13 22:01:24,418 - INFO - Records in product_list: 3100
2025-10-13 22:01:27,372 - INFO - Completed: 3200 / To go: 9064
2025-10-13 22:01:27,372 - INFO - Records in product_list: 3200
2025-10-13 22:01:30,215 - INFO - Completed: 3300 / To go: 8964
2025-10-13 22:01:30,215 - INFO - Records in product_list: 3300
2025-10-13 22:01:33,516 - INFO - Completed: 3400 / To go: 8864
2025-10-13 22:01:33,516 - INFO - Records in product_list: 3400
2025-10-13 22:01:36,708 - INFO - Completed: 3500 / To go: 8764
2025-10-13 22:01:36,708 - INFO - Records in product_list: 3500
2025-10-13 22:01:39,735 - INFO - Completed: 3600 / To go: 8664
2025-10-13 22:01:39,735 - INFO - Records in product_list: 3600
2025-10-13 22:01:42,986 - INFO - Completed: 3700 / To go: 8564
2025-10-13 22:01:42,986 - INFO - Records in product_list: 3700
2025-10-13 22:01:45,942 - INFO - Completed: 3800 / To go: 8464
2025-10-13 22:01:45,943 - INFO - Records in product_list: 3800
2025-10-13 22:01:48,956 - INFO - Completed: 3900 / To go: 8364
2025-10-13 22:01:48,956 - INFO - Records in product_list: 3900
2025-10-13 22:01:51,787 - INFO - Completed: 4000 / To go: 8264
2025-10-13 22:01:51,788 - INFO - Records in product_list: 4000
2025-10-13 22:01:54,856 - INFO - Completed: 4100 / To go: 8164
2025-10-13 22:01:54,856 - INFO - Records in product_list: 4100
2025-10-13 22:01:57,746 - INFO - Completed: 4200 / To go: 8064
2025-10-13 22:01:57,746 - INFO - Records in product_list: 4200
2025-10-13 22:02:00,860 - INFO - Completed: 4300 / To go: 7964
2025-10-13 22:02:00,860 - INFO - Records in product_list: 4300
2025-10-13 22:02:03,749 - INFO - Completed: 4400 / To go: 7864
2025-10-13 22:02:03,749 - INFO - Records in product_list: 4400
2025-10-13 22:02:06,705 - INFO - Completed: 4500 / To go: 7764
2025-10-13 22:02:06,705 - INFO - Records in product_list: 4500
2025-10-13 22:02:09,619 - INFO - Completed: 4600 / To go: 7664
2025-10-13 22:02:09,619 - INFO - Records in product_list: 4600
2025-10-13 22:02:12,565 - INFO - Completed: 4700 / To go: 7564
2025-10-13 22:02:12,565 - INFO - Records in product_list: 4700
2025-10-13 22:02:15,447 - INFO - Completed: 4800 / To go: 7464
2025-10-13 22:02:15,447 - INFO - Records in product_list: 4800
2025-10-13 22:02:18,468 - INFO - Completed: 4900 / To go: 7364
2025-10-13 22:02:18,468 - INFO - Records in product_list: 4900
2025-10-13 22:02:21,342 - INFO - Completed: 5000 / To go: 7264
2025-10-13 22:02:21,342 - INFO - Records in product_list: 5000
2025-10-13 22:02:24,203 - INFO - Completed: 5100 / To go: 7164
2025-10-13 22:02:24,203 - INFO - Records in product_list: 5100
2025-10-13 22:02:27,074 - INFO - Completed: 5200 / To go: 7064
2025-10-13 22:02:27,074 - INFO - Records in product_list: 5200
2025-10-13 22:02:29,862 - INFO - Completed: 5300 / To go: 6964
2025-10-13 22:02:29,862 - INFO - Records in product_list: 5300
2025-10-13 22:02:33,465 - INFO - Completed: 5400 / To go: 6864
2025-10-13 22:02:33,465 - INFO - Records in product_list: 5400
2025-10-13 22:02:36,523 - INFO - Completed: 5500 / To go: 6764
2025-10-13 22:02:36,523 - INFO - Records in product_list: 5500
2025-10-13 22:02:39,355 - INFO - Completed: 5600 / To go: 6664
2025-10-13 22:02:39,356 - INFO - Records in product_list: 5600
2025-10-13 22:02:42,183 - INFO - Completed: 5700 / To go: 6564
2025-10-13 22:02:42,184 - INFO - Records in product_list: 5700
2025-10-13 22:02:45,324 - INFO - Completed: 5800 / To go: 6464
2025-10-13 22:02:45,325 - INFO - Records in product_list: 5800
2025-10-13 22:02:48,194 - INFO - Completed: 5900 / To go: 6364
2025-10-13 22:02:48,194 - INFO - Records in product_list: 5900
2025-10-13 22:02:51,093 - INFO - Completed: 6000 / To go: 6264
2025-10-13 22:02:51,093 - INFO - Records in product_list: 6000
2025-10-13 22:02:53,968 - INFO - Completed: 6100 / To go: 6164
2025-10-13 22:02:53,968 - INFO - Records in product_list: 6100
2025-10-13 22:02:56,769 - INFO - Completed: 6200 / To go: 6064
2025-10-13 22:02:56,769 - INFO - Records in product_list: 6200
2025-10-13 22:02:59,537 - INFO - Completed: 6300 / To go: 5964
2025-10-13 22:02:59,537 - INFO - Records in product_list: 6300
2025-10-13 22:03:02,284 - INFO - Completed: 6400 / To go: 5864
2025-10-13 22:03:02,284 - INFO - Records in product_list: 6400
2025-10-13 22:03:05,044 - INFO - Completed: 6500 / To go: 5764
2025-10-13 22:03:05,044 - INFO - Records in product_list: 6500
2025-10-13 22:03:07,901 - INFO - Completed: 6600 / To go: 5664
2025-10-13 22:03:07,901 - INFO - Records in product_list: 6600
2025-10-13 22:03:10,671 - INFO - Completed: 6700 / To go: 5564
2025-10-13 22:03:10,671 - INFO - Records in product_list: 6700
2025-10-13 22:03:13,451 - INFO - Completed: 6800 / To go: 5464
2025-10-13 22:03:13,451 - INFO - Records in product_list: 6800
2025-10-13 22:03:16,227 - INFO - Completed: 6900 / To go: 5364
2025-10-13 22:03:16,227 - INFO - Records in product_list: 6900
2025-10-13 22:03:19,038 - INFO - Completed: 7000 / To go: 5264
2025-10-13 22:03:19,039 - INFO - Records in product_list: 7000
2025-10-13 22:03:21,832 - INFO - Completed: 7100 / To go: 5164
2025-10-13 22:03:21,832 - INFO - Records in product_list: 7100
2025-10-13 22:03:24,834 - INFO - Completed: 7200 / To go: 5064
2025-10-13 22:03:24,834 - INFO - Records in product_list: 7200
2025-10-13 22:03:27,536 - INFO - Completed: 7300 / To go: 4964
2025-10-13 22:03:27,536 - INFO - Records in product_list: 7300
2025-10-13 22:03:30,452 - INFO - Completed: 7400 / To go: 4864
2025-10-13 22:03:30,452 - INFO - Records in product_list: 7400
2025-10-13 22:03:33,188 - INFO - Completed: 7500 / To go: 4764
2025-10-13 22:03:33,188 - INFO - Records in product_list: 7500
2025-10-13 22:03:35,949 - INFO - Completed: 7600 / To go: 4664
2025-10-13 22:03:35,949 - INFO - Records in product_list: 7600
2025-10-13 22:03:38,672 - INFO - Completed: 7700 / To go: 4564
2025-10-13 22:03:38,672 - INFO - Records in product_list: 7700
2025-10-13 22:03:41,667 - INFO - Completed: 7800 / To go: 4464
2025-10-13 22:03:41,668 - INFO - Records in product_list: 7800
2025-10-13 22:03:44,382 - INFO - Completed: 7900 / To go: 4364
2025-10-13 22:03:44,382 - INFO - Records in product_list: 7900
2025-10-13 22:03:47,091 - INFO - Completed: 8000 / To go: 4264
2025-10-13 22:03:47,091 - INFO - Records in product_list: 8000
2025-10-13 22:03:49,857 - INFO - Completed: 8100 / To go: 4164
2025-10-13 22:03:49,857 - INFO - Records in product_list: 8100
2025-10-13 22:03:52,640 - INFO - Completed: 8200 / To go: 4064
2025-10-13 22:03:52,640 - INFO - Records in product_list: 8200
2025-10-13 22:03:55,309 - INFO - Completed: 8300 / To go: 3964
2025-10-13 22:03:55,309 - INFO - Records in product_list: 8300
2025-10-13 22:03:58,056 - INFO - Completed: 8400 / To go: 3864
2025-10-13 22:03:58,057 - INFO - Records in product_list: 8400
2025-10-13 22:04:00,771 - INFO - Completed: 8500 / To go: 3764
2025-10-13 22:04:00,772 - INFO - Records in product_list: 8500
2025-10-13 22:04:03,546 - INFO - Completed: 8600 / To go: 3664
2025-10-13 22:04:03,546 - INFO - Records in product_list: 8600
2025-10-13 22:04:06,347 - INFO - Completed: 8700 / To go: 3564
2025-10-13 22:04:06,347 - INFO - Records in product_list: 8700
2025-10-13 22:04:09,038 - INFO - Completed: 8800 / To go: 3464
2025-10-13 22:04:09,038 - INFO - Records in product_list: 8800
2025-10-13 22:04:11,729 - INFO - Completed: 8900 / To go: 3364
2025-10-13 22:04:11,729 - INFO - Records in product_list: 8900
2025-10-13 22:04:14,583 - INFO - Completed: 9000 / To go: 3264
2025-10-13 22:04:14,583 - INFO - Records in product_list: 9000
2025-10-13 22:04:17,250 - INFO - Completed: 9100 / To go: 3164
2025-10-13 22:04:17,250 - INFO - Records in product_list: 9100
2025-10-13 22:04:19,932 - INFO - Completed: 9200 / To go: 3064
2025-10-13 22:04:19,932 - INFO - Records in product_list: 9200
2025-10-13 22:04:22,580 - INFO - Completed: 9300 / To go: 2964
2025-10-13 22:04:22,580 - INFO - Records in product_list: 9300
2025-10-13 22:04:25,262 - INFO - Completed: 9400 / To go: 2864
2025-10-13 22:04:25,262 - INFO - Records in product_list: 9400
2025-10-13 22:04:27,933 - INFO - Completed: 9500 / To go: 2764
2025-10-13 22:04:27,933 - INFO - Records in product_list: 9500
2025-10-13 22:04:30,661 - INFO - Completed: 9600 / To go: 2664
2025-10-13 22:04:30,662 - INFO - Records in product_list: 9600
2025-10-13 22:04:33,438 - INFO - Completed: 9700 / To go: 2564
2025-10-13 22:04:33,438 - INFO - Records in product_list: 9700
2025-10-13 22:04:36,157 - INFO - Completed: 9800 / To go: 2464
2025-10-13 22:04:36,157 - INFO - Records in product_list: 9800
2025-10-13 22:04:38,903 - INFO - Completed: 9900 / To go: 2364
2025-10-13 22:04:38,903 - INFO - Records in product_list: 9900
2025-10-13 22:04:41,645 - INFO - Completed: 10000 / To go: 2264
2025-10-13 22:04:41,645 - INFO - Records in product_list: 10000
2025-10-13 22:04:44,341 - INFO - Completed: 10100 / To go: 2164
2025-10-13 22:04:44,341 - INFO - Records in product_list: 10100
2025-10-13 22:04:47,187 - INFO - Completed: 10200 / To go: 2064
2025-10-13 22:04:47,187 - INFO - Records in product_list: 10200
2025-10-13 22:04:50,110 - INFO - Completed: 10300 / To go: 1964
2025-10-13 22:04:50,110 - INFO - Records in product_list: 10300
2025-10-13 22:04:52,803 - INFO - Completed: 10400 / To go: 1864
2025-10-13 22:04:52,804 - INFO - Records in product_list: 10400
2025-10-13 22:04:55,548 - INFO - Completed: 10500 / To go: 1764
2025-10-13 22:04:55,549 - INFO - Records in product_list: 10500
2025-10-13 22:04:58,228 - INFO - Completed: 10600 / To go: 1664
2025-10-13 22:04:58,228 - INFO - Records in product_list: 10600
2025-10-13 22:05:01,021 - INFO - Completed: 10700 / To go: 1564
2025-10-13 22:05:01,021 - INFO - Records in product_list: 10700
2025-10-13 22:05:04,000 - INFO - Completed: 10800 / To go: 1464
2025-10-13 22:05:04,000 - INFO - Records in product_list: 10800
2025-10-13 22:05:06,824 - INFO - Completed: 10900 / To go: 1364
2025-10-13 22:05:06,824 - INFO - Records in product_list: 10900
2025-10-13 22:05:09,744 - INFO - Completed: 11000 / To go: 1264
2025-10-13 22:05:09,744 - INFO - Records in product_list: 11000
2025-10-13 22:05:12,625 - INFO - Completed: 11100 / To go: 1164
2025-10-13 22:05:12,625 - INFO - Records in product_list: 11100
2025-10-13 22:05:15,483 - INFO - Completed: 11200 / To go: 1064
2025-10-13 22:05:15,483 - INFO - Records in product_list: 11200
2025-10-13 22:05:18,260 - INFO - Completed: 11300 / To go: 964
2025-10-13 22:05:18,260 - INFO - Records in product_list: 11300
2025-10-13 22:05:20,972 - INFO - Completed: 11400 / To go: 864
2025-10-13 22:05:20,973 - INFO - Records in product_list: 11400
2025-10-13 22:05:24,747 - INFO - Completed: 11500 / To go: 764
2025-10-13 22:05:24,747 - INFO - Records in product_list: 11500
2025-10-13 22:05:27,607 - INFO - Completed: 11600 / To go: 664
2025-10-13 22:05:27,607 - INFO - Records in product_list: 11600
2025-10-13 22:05:30,289 - INFO - Completed: 11700 / To go: 564
2025-10-13 22:05:30,290 - INFO - Records in product_list: 11700
2025-10-13 22:05:33,151 - INFO - Completed: 11800 / To go: 464
2025-10-13 22:05:33,151 - INFO - Records in product_list: 11800
2025-10-13 22:05:35,890 - INFO - Completed: 11900 / To go: 364
2025-10-13 22:05:35,890 - INFO - Records in product_list: 11900
2025-10-13 22:05:38,734 - INFO - Completed: 12000 / To go: 264
2025-10-13 22:05:38,734 - INFO - Records in product_list: 12000
2025-10-13 22:05:41,524 - INFO - Completed: 12100 / To go: 164
2025-10-13 22:05:41,524 - INFO - Records in product_list: 12100
2025-10-13 22:05:44,319 - INFO - Completed: 12200 / To go: 64
2025-10-13 22:05:44,319 - INFO - Records in product_list: 12200
2025-10-13 22:05:46,912 - INFO - Completed: 12264 / To go: 0
2025-10-13 22:05:46,912 - INFO - Records in product_list: 12264
2025-10-13 22:05:49,285 - INFO - Loading combined dataframe from local file: updated_combined_dataframe.csv
2025-10-14 09:06:31,906 - INFO - ============================================================
2025-10-14 09:06:31,906 - INFO - Billa Price Scraper - Starting
2025-10-14 09:06:31,906 - INFO - ============================================================
2025-10-14 09:06:33,869 - INFO - Completed: 100 / To go: 12254
2025-10-14 09:06:33,869 - INFO - Records in product_list: 100
2025-10-14 09:06:36,584 - INFO - Completed: 200 / To go: 12154
2025-10-14 09:06:36,584 - INFO - Records in product_list: 200
2025-10-14 09:06:39,308 - INFO - Completed: 300 / To go: 12054
2025-10-14 09:06:39,308 - INFO - Records in product_list: 300
2025-10-14 09:06:41,776 - INFO - Completed: 400 / To go: 11954
2025-10-14 09:06:41,776 - INFO - Records in product_list: 400
2025-10-14 09:06:44,175 - INFO - Completed: 500 / To go: 11854
2025-10-14 09:06:44,175 - INFO - Records in product_list: 500
2025-10-14 09:06:46,976 - INFO - Completed: 600 / To go: 11754
2025-10-14 09:06:46,976 - INFO - Records in product_list: 600
2025-10-14 09:06:49,287 - INFO - Completed: 700 / To go: 11654
2025-10-14 09:06:49,287 - INFO - Records in product_list: 700
2025-10-14 09:06:51,788 - INFO - Completed: 800 / To go: 11554
2025-10-14 09:06:51,789 - INFO - Records in product_list: 800
2025-10-14 09:06:54,120 - INFO - Completed: 900 / To go: 11454
2025-10-14 09:06:54,120 - INFO - Records in product_list: 900
2025-10-14 09:06:56,571 - INFO - Completed: 1000 / To go: 11354
2025-10-14 09:06:56,571 - INFO - Records in product_list: 1000
2025-10-14 09:06:59,129 - INFO - Completed: 1100 / To go: 11254
2025-10-14 09:06:59,129 - INFO - Records in product_list: 1100
2025-10-14 09:07:01,551 - WARNING - Error fetching data from https://shop.billa.at/api/products?sortBy=relevance&page=11&pageSize=100: 503 Server Error: Service Unavailable for url: https://shop.billa.at/api/products?sortBy=relevance&page=11&pageSize=100. Retrying in 3 seconds... (Attempt 1/5)
2025-10-14 09:07:05,268 - INFO - Completed: 1200 / To go: 11154
2025-10-14 09:07:05,268 - INFO - Records in product_list: 1200
2025-10-14 09:07:08,073 - INFO - Completed: 1300 / To go: 11054
2025-10-14 09:07:08,073 - INFO - Records in product_list: 1300
2025-10-14 09:07:10,630 - INFO - Completed: 1400 / To go: 10954
2025-10-14 09:07:10,630 - INFO - Records in product_list: 1400
2025-10-14 09:07:13,812 - INFO - Completed: 1500 / To go: 10854
2025-10-14 09:07:13,812 - INFO - Records in product_list: 1500
2025-10-14 09:07:16,111 - INFO - Completed: 1600 / To go: 10754
2025-10-14 09:07:16,112 - INFO - Records in product_list: 1600
2025-10-14 09:07:18,443 - INFO - Completed: 1700 / To go: 10654
2025-10-14 09:07:18,443 - INFO - Records in product_list: 1700
2025-10-14 09:07:21,023 - INFO - Completed: 1800 / To go: 10554
2025-10-14 09:07:21,023 - INFO - Records in product_list: 1800
2025-10-14 09:07:23,589 - INFO - Completed: 1900 / To go: 10454
2025-10-14 09:07:23,589 - INFO - Records in product_list: 1900
2025-10-14 09:07:26,594 - INFO - Completed: 2000 / To go: 10354
2025-10-14 09:07:26,594 - INFO - Records in product_list: 2000
2025-10-14 09:07:29,011 - INFO - Completed: 2100 / To go: 10254
2025-10-14 09:07:29,012 - INFO - Records in product_list: 2100
2025-10-14 09:07:31,355 - INFO - Completed: 2200 / To go: 10154
2025-10-14 09:07:31,355 - INFO - Records in product_list: 2200
2025-10-14 09:07:33,762 - INFO - Completed: 2300 / To go: 10054
2025-10-14 09:07:33,763 - INFO - Records in product_list: 2300
2025-10-14 09:07:36,209 - INFO - Completed: 2400 / To go: 9954
2025-10-14 09:07:36,209 - INFO - Records in product_list: 2400
2025-10-14 09:07:38,574 - INFO - Completed: 2500 / To go: 9854
2025-10-14 09:07:38,574 - INFO - Records in product_list: 2500
2025-10-14 09:07:40,946 - INFO - Completed: 2600 / To go: 9754
2025-10-14 09:07:40,946 - INFO - Records in product_list: 2600
2025-10-14 09:07:44,035 - INFO - Completed: 2700 / To go: 9654
2025-10-14 09:07:44,035 - INFO - Records in product_list: 2700
2025-10-14 09:07:46,337 - INFO - Completed: 2800 / To go: 9554
2025-10-14 09:07:46,337 - INFO - Records in product_list: 2800
2025-10-14 09:07:49,042 - INFO - Completed: 2900 / To go: 9454
2025-10-14 09:07:49,042 - INFO - Records in product_list: 2900
2025-10-14 09:07:51,451 - INFO - Completed: 3000 / To go: 9354
2025-10-14 09:07:51,451 - INFO - Records in product_list: 3000
2025-10-14 09:07:53,774 - INFO - Completed: 3100 / To go: 9254
2025-10-14 09:07:53,774 - INFO - Records in product_list: 3100
2025-10-14 09:07:56,067 - INFO - Completed: 3200 / To go: 9154
2025-10-14 09:07:56,067 - INFO - Records in product_list: 3200
2025-10-14 09:07:58,390 - INFO - Completed: 3300 / To go: 9054
2025-10-14 09:07:58,390 - INFO - Records in product_list: 3300
2025-10-14 09:08:00,678 - INFO - Completed: 3400 / To go: 8954
2025-10-14 09:08:00,678 - INFO - Records in product_list: 3400
2025-10-14 09:08:02,994 - INFO - Completed: 3500 / To go: 8854
2025-10-14 09:08:02,994 - INFO - Records in product_list: 3500
2025-10-14 09:08:05,444 - INFO - Completed: 3600 / To go: 8754
2025-10-14 09:08:05,444 - INFO - Records in product_list: 3600
2025-10-14 09:08:07,786 - INFO - Completed: 3700 / To go: 8654
2025-10-14 09:08:07,786 - INFO - Records in product_list: 3700
2025-10-14 09:08:10,328 - INFO - Completed: 3800 / To go: 8554
2025-10-14 09:08:10,328 - INFO - Records in product_list: 3800
2025-10-14 09:08:12,647 - INFO - Completed: 3900 / To go: 8454
2025-10-14 09:08:12,648 - INFO - Records in product_list: 3900
2025-10-14 09:08:14,933 - INFO - Completed: 4000 / To go: 8354
2025-10-14 09:08:14,933 - INFO - Records in product_list: 4000
2025-10-14 09:08:17,349 - INFO - Completed: 4100 / To go: 8254
2025-10-14 09:08:17,349 - INFO - Records in product_list: 4100
2025-10-14 09:08:19,674 - INFO - Completed: 4200 / To go: 8154
2025-10-14 09:08:19,674 - INFO - Records in product_list: 4200
2025-10-14 09:08:22,616 - INFO - Completed: 4300 / To go: 8054
2025-10-14 09:08:22,616 - INFO - Records in product_list: 4300
2025-10-14 09:08:25,129 - INFO - Completed: 4400 / To go: 7954
2025-10-14 09:08:25,129 - INFO - Records in product_list: 4400
2025-10-14 09:08:27,466 - INFO - Completed: 4500 / To go: 7854
2025-10-14 09:08:27,466 - INFO - Records in product_list: 4500
2025-10-14 09:08:30,586 - INFO - Completed: 4600 / To go: 7754
2025-10-14 09:08:30,586 - INFO - Records in product_list: 4600
2025-10-14 09:08:33,217 - INFO - Completed: 4700 / To go: 7654
2025-10-14 09:08:33,217 - INFO - Records in product_list: 4700
2025-10-14 09:08:35,500 - INFO - Completed: 4800 / To go: 7554
2025-10-14 09:08:35,500 - INFO - Records in product_list: 4800
2025-10-14 09:08:37,822 - INFO - Completed: 4900 / To go: 7454
2025-10-14 09:08:37,822 - INFO - Records in product_list: 4900
2025-10-14 09:08:40,122 - INFO - Completed: 5000 / To go: 7354
2025-10-14 09:08:40,122 - INFO - Records in product_list: 5000
2025-10-14 09:08:43,512 - INFO - Completed: 5100 / To go: 7254
2025-10-14 09:08:43,512 - INFO - Records in product_list: 5100
2025-10-14 09:08:45,818 - INFO - Completed: 5200 / To go: 7154
2025-10-14 09:08:45,818 - INFO - Records in product_list: 5200
2025-10-14 09:08:48,168 - INFO - Completed: 5300 / To go: 7054
2025-10-14 09:08:48,168 - INFO - Records in product_list: 5300
2025-10-14 09:08:50,465 - INFO - Completed: 5400 / To go: 6954
2025-10-14 09:08:50,466 - INFO - Records in product_list: 5400
2025-10-14 09:08:52,782 - INFO - Completed: 5500 / To go: 6854
2025-10-14 09:08:52,782 - INFO - Records in product_list: 5500
2025-10-14 09:08:56,447 - INFO - Completed: 5600 / To go: 6754
2025-10-14 09:08:56,447 - INFO - Records in product_list: 5600
2025-10-14 09:08:58,828 - INFO - Completed: 5700 / To go: 6654
2025-10-14 09:08:58,828 - INFO - Records in product_list: 5700
2025-10-14 09:09:01,135 - INFO - Completed: 5800 / To go: 6554
2025-10-14 09:09:01,135 - INFO - Records in product_list: 5800
2025-10-14 09:09:03,458 - INFO - Completed: 5900 / To go: 6454
2025-10-14 09:09:03,458 - INFO - Records in product_list: 5900
2025-10-14 09:09:05,761 - INFO - Completed: 6000 / To go: 6354
2025-10-14 09:09:05,761 - INFO - Records in product_list: 6000
2025-10-14 09:09:08,090 - INFO - Completed: 6100 / To go: 6254
2025-10-14 09:09:08,090 - INFO - Records in product_list: 6100
2025-10-14 09:09:10,390 - INFO - Completed: 6200 / To go: 6154
2025-10-14 09:09:10,390 - INFO - Records in product_list: 6200
2025-10-14 09:09:12,717 - INFO - Completed: 6300 / To go: 6054
2025-10-14 09:09:12,717 - INFO - Records in product_list: 6300
2025-10-14 09:09:16,227 - INFO - Completed: 6400 / To go: 5954
2025-10-14 09:09:16,227 - INFO - Records in product_list: 6400
2025-10-14 09:09:18,543 - INFO - Completed: 6500 / To go: 5854
2025-10-14 09:09:18,544 - INFO - Records in product_list: 6500
2025-10-14 09:09:20,846 - INFO - Completed: 6600 / To go: 5754
2025-10-14 09:09:20,846 - INFO - Records in product_list: 6600
2025-10-14 09:09:23,171 - INFO - Completed: 6700 / To go: 5654
2025-10-14 09:09:23,171 - INFO - Records in product_list: 6700
2025-10-14 09:09:25,450 - INFO - Completed: 6800 / To go: 5554
2025-10-14 09:09:25,450 - INFO - Records in product_list: 6800
2025-10-14 09:09:27,790 - INFO - Completed: 6900 / To go: 5454
2025-10-14 09:09:27,790 - INFO - Records in product_list: 6900
2025-10-14 09:09:30,077 - INFO - Completed: 7000 / To go: 5354
2025-10-14 09:09:30,078 - INFO - Records in product_list: 7000
2025-10-14 09:09:32,444 - INFO - Completed: 7100 / To go: 5254
2025-10-14 09:09:32,445 - INFO - Records in product_list: 7100
2025-10-14 09:09:34,726 - INFO - Completed: 7200 / To go: 5154
2025-10-14 09:09:34,726 - INFO - Records in product_list: 7200
2025-10-14 09:09:37,316 - INFO - Completed: 7300 / To go: 5054
2025-10-14 09:09:37,317 - INFO - Records in product_list: 7300
2025-10-14 09:09:39,624 - INFO - Completed: 7400 / To go: 4954
2025-10-14 09:09:39,624 - INFO - Records in product_list: 7400
2025-10-14 09:09:41,947 - INFO - Completed: 7500 / To go: 4854
2025-10-14 09:09:41,947 - INFO - Records in product_list: 7500
2025-10-14 09:09:44,239 - INFO - Completed: 7600 / To go: 4754
2025-10-14 09:09:44,239 - INFO - Records in product_list: 7600
2025-10-14 09:09:46,564 - INFO - Completed: 7700 / To go: 4654
2025-10-14 09:09:46,564 - INFO - Records in product_list: 7700
2025-10-14 09:09:48,864 - INFO - Completed: 7800 / To go: 4554
2025-10-14 09:09:48,864 - INFO - Records in product_list: 7800
2025-10-14 09:09:52,047 - INFO - Completed: 7900 / To go: 4454
2025-10-14 09:09:52,047 - INFO - Records in product_list: 7900
2025-10-14 09:09:54,333 - INFO - Completed: 8000 / To go: 4354
2025-10-14 09:09:54,333 - INFO - Records in product_list: 8000
2025-10-14 09:09:56,663 - INFO - Completed: 8100 / To go: 4254
2025-10-14 09:09:56,663 - INFO - Records in product_list: 8100
2025-10-14 09:09:58,947 - INFO - Completed: 8200 / To go: 4154
2025-10-14 09:09:58,947 - INFO - Records in product_list: 8200
2025-10-14 09:10:01,280 - INFO - Completed: 8300 / To go: 4054
2025-10-14 09:10:01,280 - INFO - Records in product_list: 8300
2025-10-14 09:10:03,560 - INFO - Completed: 8400 / To go: 3954
2025-10-14 09:10:03,560 - INFO - Records in product_list: 8400
2025-10-14 09:10:05,879 - INFO - Completed: 8500 / To go: 3854
2025-10-14 09:10:05,879 - INFO - Records in product_list: 8500
2025-10-14 09:10:08,168 - INFO - Completed: 8600 / To go: 3754
2025-10-14 09:10:08,169 - INFO - Records in product_list: 8600
2025-10-14 09:10:10,496 - INFO - Completed: 8700 / To go: 3654
2025-10-14 09:10:10,496 - INFO - Records in product_list: 8700
2025-10-14 09:10:12,778 - INFO - Completed: 8800 / To go: 3554
2025-10-14 09:10:12,778 - INFO - Records in product_list: 8800
2025-10-14 09:10:15,246 - INFO - Completed: 8900 / To go: 3454
2025-10-14 09:10:15,246 - INFO - Records in product_list: 8900
2025-10-14 09:10:17,551 - INFO - Completed: 9000 / To go: 3354
2025-10-14 09:10:17,551 - INFO - Records in product_list: 9000
2025-10-14 09:10:19,874 - INFO - Completed: 9100 / To go: 3254
2025-10-14 09:10:19,874 - INFO - Records in product_list: 9100
2025-10-14 09:10:22,157 - INFO - Completed: 9200 / To go: 3154
2025-10-14 09:10:22,157 - INFO - Records in product_list: 9200
2025-10-14 09:10:24,600 - INFO - Completed: 9300 / To go: 3054
2025-10-14 09:10:24,600 - INFO - Records in product_list: 9300
2025-10-14 09:10:26,919 - INFO - Completed: 9400 / To go: 2954
2025-10-14 09:10:26,919 - INFO - Records in product_list: 9400
2025-10-14 09:10:29,257 - INFO - Completed: 9500 / To go: 2854
2025-10-14 09:10:29,258 - INFO - Records in product_list: 9500
2025-10-14 09:10:31,949 - INFO - Completed: 9600 / To go: 2754
2025-10-14 09:10:31,949 - INFO - Records in product_list: 9600
2025-10-14 09:10:34,285 - INFO - Completed: 9700 / To go: 2654
2025-10-14 09:10:34,285 - INFO - Records in product_list: 9700
2025-10-14 09:10:36,567 - INFO - Completed: 9800 / To go: 2554
2025-10-14 09:10:36,567 - INFO - Records in product_list: 9800
2025-10-14 09:10:38,902 - INFO - Completed: 9900 / To go: 2454
2025-10-14 09:10:38,902 - INFO - Records in product_list: 9900
2025-10-14 09:10:41,186 - INFO - Completed: 10000 / To go: 2354
2025-10-14 09:10:41,186 - INFO - Records in product_list: 10000
2025-10-14 09:10:43,507 - INFO - Completed: 10100 / To go: 2254
2025-10-14 09:10:43,507 - INFO - Records in product_list: 10100
2025-10-14 09:10:45,823 - INFO - Completed: 10200 / To go: 2154
2025-10-14 09:10:45,823 - INFO - Records in product_list: 10200
2025-10-14 09:10:48,188 - INFO - Completed: 10300 / To go: 2054
2025-10-14 09:10:48,188 - INFO - Records in product_list: 10300
2025-10-14 09:10:50,462 - INFO - Completed: 10400 / To go: 1954
2025-10-14 09:10:50,462 - INFO - Records in product_list: 10400
2025-10-14 09:10:52,779 - INFO - Completed: 10500 / To go: 1854
2025-10-14 09:10:52,780 - INFO - Records in product_list: 10500
2025-10-14 09:10:55,075 - INFO - Completed: 10600 / To go: 1754
2025-10-14 09:10:55,075 - INFO - Records in product_list: 10600
2025-10-14 09:10:57,391 - INFO - Completed: 10700 / To go: 1654
2025-10-14 09:10:57,391 - INFO - Records in product_list: 10700
2025-10-14 09:11:00,114 - INFO - Completed: 10800 / To go: 1554
2025-10-14 09:11:00,114 - INFO - Records in product_list: 10800
2025-10-14 09:11:02,434 - INFO - Completed: 10900 / To go: 1454
2025-10-14 09:11:02,434 - INFO - Records in product_list: 10900
2025-10-14 09:11:04,720 - INFO - Completed: 11000 / To go: 1354
2025-10-14 09:11:04,720 - INFO - Records in product_list: 11000
2025-10-14 09:11:07,037 - INFO - Completed: 11100 / To go: 1254
2025-10-14 09:11:07,038 - INFO - Records in product_list: 11100
2025-10-14 09:11:09,869 - INFO - Completed: 11200 / To go: 1154
2025-10-14 09:11:09,869 - INFO - Records in product_list: 11200
2025-10-14 09:11:12,198 - INFO - Completed: 11300 / To go: 1054
2025-10-14 09:11:12,199 - INFO - Records in product_list: 11300
2025-10-14 09:11:14,506 - INFO - Completed: 11400 / To go: 954
2025-10-14 09:11:14,506 - INFO - Records in product_list: 11400
2025-10-14 09:11:16,841 - INFO - Completed: 11500 / To go: 854
2025-10-14 09:11:16,841 - INFO - Records in product_list: 11500
2025-10-14 09:11:19,125 - INFO - Completed: 11600 / To go: 754
2025-10-14 09:11:19,125 - INFO - Records in product_list: 11600
2025-10-14 09:11:22,092 - INFO - Completed: 11700 / To go: 654
2025-10-14 09:11:22,092 - INFO - Records in product_list: 11700
2025-10-14 09:11:24,396 - INFO - Completed: 11800 / To go: 554
2025-10-14 09:11:24,396 - INFO - Records in product_list: 11800
2025-10-14 09:11:26,729 - INFO - Completed: 11900 / To go: 454
2025-10-14 09:11:26,729 - INFO - Records in product_list: 11900
2025-10-14 09:11:29,014 - INFO - Completed: 12000 / To go: 354
2025-10-14 09:11:29,014 - INFO - Records in product_list: 12000
2025-10-14 09:11:31,785 - INFO - Completed: 12100 / To go: 254
2025-10-14 09:11:31,785 - INFO - Records in product_list: 12100
2025-10-14 09:11:34,089 - INFO - Completed: 12200 / To go: 154
2025-10-14 09:11:34,089 - INFO - Records in product_list: 12200
2025-10-14 09:11:36,402 - INFO - Completed: 12300 / To go: 54
2025-10-14 09:11:36,403 - INFO - Records in product_list: 12300
2025-10-14 09:11:38,666 - INFO - Completed: 12354 / To go: 0
2025-10-14 09:11:38,666 - INFO - Records in product_list: 12354
2025-10-14 09:11:41,021 - INFO - Loading combined dataframe from local file: updated_combined_dataframe.csv
2025-10-14 09:22:14,944 - INFO - ============================================================
2025-10-14 09:22:14,944 - INFO - Billa Price Scraper - Starting
2025-10-14 09:22:14,944 - INFO - ============================================================
2025-10-14 09:22:16,667 - INFO - Completed: 100 / To go: 12254
2025-10-14 09:22:16,667 - INFO - Records in product_list: 100
2025-10-14 09:22:19,005 - INFO - Completed: 200 / To go: 12154
2025-10-14 09:22:19,005 - INFO - Records in product_list: 200
2025-10-14 09:22:21,715 - INFO - Completed: 300 / To go: 12054
2025-10-14 09:22:21,715 - INFO - Records in product_list: 300
2025-10-14 09:22:24,327 - INFO - Completed: 400 / To go: 11954
2025-10-14 09:22:24,328 - INFO - Records in product_list: 400
2025-10-14 09:22:26,712 - INFO - Completed: 500 / To go: 11854
2025-10-14 09:22:26,712 - INFO - Records in product_list: 500
2025-10-14 09:22:29,257 - INFO - Completed: 600 / To go: 11754
2025-10-14 09:22:29,257 - INFO - Records in product_list: 600
2025-10-14 09:22:31,933 - INFO - Completed: 700 / To go: 11654
2025-10-14 09:22:31,933 - INFO - Records in product_list: 700
2025-10-14 09:22:34,354 - INFO - Completed: 800 / To go: 11554
2025-10-14 09:22:34,354 - INFO - Records in product_list: 800
2025-10-14 09:22:36,652 - INFO - Completed: 900 / To go: 11454
2025-10-14 09:22:36,652 - INFO - Records in product_list: 900
2025-10-14 09:22:38,987 - INFO - Completed: 1000 / To go: 11354
2025-10-14 09:22:38,987 - INFO - Records in product_list: 1000
2025-10-14 09:22:41,477 - INFO - Completed: 1100 / To go: 11254
2025-10-14 09:22:41,477 - INFO - Records in product_list: 1100
2025-10-14 09:22:43,907 - INFO - Completed: 1200 / To go: 11154
2025-10-14 09:22:43,907 - INFO - Records in product_list: 1200
2025-10-14 09:22:46,247 - INFO - Completed: 1300 / To go: 11054
2025-10-14 09:22:46,247 - INFO - Records in product_list: 1300
2025-10-14 09:22:49,159 - INFO - Completed: 1400 / To go: 10954
2025-10-14 09:22:49,160 - INFO - Records in product_list: 1400
2025-10-14 09:22:51,904 - INFO - Completed: 1500 / To go: 10854
2025-10-14 09:22:51,904 - INFO - Records in product_list: 1500
2025-10-14 09:22:54,391 - INFO - Completed: 1600 / To go: 10754
2025-10-14 09:22:54,391 - INFO - Records in product_list: 1600
2025-10-14 09:22:56,999 - INFO - Completed: 1700 / To go: 10654
2025-10-14 09:22:56,999 - INFO - Records in product_list: 1700
2025-10-14 09:22:59,321 - INFO - Completed: 1800 / To go: 10554
2025-10-14 09:22:59,321 - INFO - Records in product_list: 1800
2025-10-14 09:23:01,781 - INFO - Completed: 1900 / To go: 10454
2025-10-14 09:23:01,781 - INFO - Records in product_list: 1900
2025-10-14 09:23:04,041 - INFO - Completed: 2000 / To go: 10354
2025-10-14 09:23:04,042 - INFO - Records in product_list: 2000
2025-10-14 09:23:06,337 - INFO - Completed: 2100 / To go: 10254
2025-10-14 09:23:06,338 - INFO - Records in product_list: 2100
2025-10-14 09:23:08,570 - INFO - Completed: 2200 / To go: 10154
2025-10-14 09:23:08,570 - INFO - Records in product_list: 2200
2025-10-14 09:23:11,116 - INFO - Completed: 2300 / To go: 10054
2025-10-14 09:23:11,116 - INFO - Records in product_list: 2300
2025-10-14 09:23:13,578 - INFO - Completed: 2400 / To go: 9954
2025-10-14 09:23:13,578 - INFO - Records in product_list: 2400
2025-10-14 09:23:16,067 - INFO - Completed: 2500 / To go: 9854
2025-10-14 09:23:16,067 - INFO - Records in product_list: 2500
2025-10-14 09:23:18,320 - INFO - Completed: 2600 / To go: 9754
2025-10-14 09:23:18,320 - INFO - Records in product_list: 2600
2025-10-14 09:23:20,644 - INFO - Completed: 2700 / To go: 9654
2025-10-14 09:23:20,644 - INFO - Records in product_list: 2700
2025-10-14 09:23:22,922 - INFO - Completed: 2800 / To go: 9554
2025-10-14 09:23:22,922 - INFO - Records in product_list: 2800
2025-10-14 09:23:25,424 - INFO - Completed: 2900 / To go: 9454
2025-10-14 09:23:25,425 - INFO - Records in product_list: 2900
2025-10-14 09:23:27,777 - INFO - Completed: 3000 / To go: 9354
2025-10-14 09:23:27,777 - INFO - Records in product_list: 3000
2025-10-14 09:23:30,106 - INFO - Completed: 3100 / To go: 9254
2025-10-14 09:23:30,106 - INFO - Records in product_list: 3100
2025-10-14 09:23:32,524 - INFO - Completed: 3200 / To go: 9154
2025-10-14 09:23:32,524 - INFO - Records in product_list: 3200
2025-10-14 09:23:34,947 - INFO - Completed: 3300 / To go: 9054
2025-10-14 09:23:34,947 - INFO - Records in product_list: 3300
2025-10-14 09:23:37,242 - INFO - Completed: 3400 / To go: 8954
2025-10-14 09:23:37,242 - INFO - Records in product_list: 3400
2025-10-14 09:23:39,714 - INFO - Completed: 3500 / To go: 8854
2025-10-14 09:23:39,714 - INFO - Records in product_list: 3500
2025-10-14 09:23:41,974 - INFO - Completed: 3600 / To go: 8754
2025-10-14 09:23:41,974 - INFO - Records in product_list: 3600
2025-10-14 09:23:44,226 - INFO - Completed: 3700 / To go: 8654
2025-10-14 09:23:44,226 - INFO - Records in product_list: 3700
2025-10-14 09:23:46,577 - INFO - Completed: 3800 / To go: 8554
2025-10-14 09:23:46,577 - INFO - Records in product_list: 3800
2025-10-14 09:23:48,931 - INFO - Completed: 3900 / To go: 8454
2025-10-14 09:23:48,931 - INFO - Records in product_list: 3900
2025-10-14 09:23:51,231 - INFO - Completed: 4000 / To go: 8354
2025-10-14 09:23:51,231 - INFO - Records in product_list: 4000
2025-10-14 09:23:53,496 - INFO - Completed: 4100 / To go: 8254
2025-10-14 09:23:53,496 - INFO - Records in product_list: 4100
2025-10-14 09:23:55,741 - INFO - Completed: 4200 / To go: 8154
2025-10-14 09:23:55,741 - INFO - Records in product_list: 4200
2025-10-14 09:23:58,652 - INFO - Completed: 4300 / To go: 8054
2025-10-14 09:23:58,652 - INFO - Records in product_list: 4300
2025-10-14 09:24:00,903 - INFO - Completed: 4400 / To go: 7954
2025-10-14 09:24:00,904 - INFO - Records in product_list: 4400
2025-10-14 09:24:03,163 - INFO - Completed: 4500 / To go: 7854
2025-10-14 09:24:03,163 - INFO - Records in product_list: 4500
2025-10-14 09:24:05,426 - INFO - Completed: 4600 / To go: 7754
2025-10-14 09:24:05,426 - INFO - Records in product_list: 4600
2025-10-14 09:24:07,690 - INFO - Completed: 4700 / To go: 7654
2025-10-14 09:24:07,690 - INFO - Records in product_list: 4700
2025-10-14 09:24:09,948 - INFO - Completed: 4800 / To go: 7554
2025-10-14 09:24:09,948 - INFO - Records in product_list: 4800
2025-10-14 09:24:12,274 - INFO - Completed: 4900 / To go: 7454
2025-10-14 09:24:12,274 - INFO - Records in product_list: 4900
2025-10-14 09:24:14,694 - INFO - Completed: 5000 / To go: 7354
2025-10-14 09:24:14,694 - INFO - Records in product_list: 5000
2025-10-14 09:24:18,124 - INFO - Completed: 5100 / To go: 7254
2025-10-14 09:24:18,125 - INFO - Records in product_list: 5100
2025-10-14 09:24:20,384 - INFO - Completed: 5200 / To go: 7154
2025-10-14 09:24:20,384 - INFO - Records in product_list: 5200
2025-10-14 09:24:22,653 - INFO - Completed: 5300 / To go: 7054
2025-10-14 09:24:22,653 - INFO - Records in product_list: 5300
2025-10-14 09:24:24,912 - INFO - Completed: 5400 / To go: 6954
2025-10-14 09:24:24,912 - INFO - Records in product_list: 5400
2025-10-14 09:24:27,160 - INFO - Completed: 5500 / To go: 6854
2025-10-14 09:24:27,160 - INFO - Records in product_list: 5500
2025-10-14 09:24:29,431 - INFO - Completed: 5600 / To go: 6754
2025-10-14 09:24:29,431 - INFO - Records in product_list: 5600
2025-10-14 09:24:31,765 - INFO - Completed: 5700 / To go: 6654
2025-10-14 09:24:31,765 - INFO - Records in product_list: 5700
2025-10-14 09:24:33,992 - INFO - Completed: 5800 / To go: 6554
2025-10-14 09:24:33,992 - INFO - Records in product_list: 5800
2025-10-14 09:24:36,236 - INFO - Completed: 5900 / To go: 6454
2025-10-14 09:24:36,236 - INFO - Records in product_list: 5900
2025-10-14 09:24:38,495 - INFO - Completed: 6000 / To go: 6354
2025-10-14 09:24:38,495 - INFO - Records in product_list: 6000
2025-10-14 09:24:40,748 - INFO - Completed: 6100 / To go: 6254
2025-10-14 09:24:40,748 - INFO - Records in product_list: 6100
2025-10-14 09:24:43,063 - INFO - Completed: 6200 / To go: 6154
2025-10-14 09:24:43,063 - INFO - Records in product_list: 6200
2025-10-14 09:24:45,310 - INFO - Completed: 6300 / To go: 6054
2025-10-14 09:24:45,310 - INFO - Records in product_list: 6300
2025-10-14 09:24:48,135 - INFO - Completed: 6400 / To go: 5954
2025-10-14 09:24:48,135 - INFO - Records in product_list: 6400
2025-10-14 09:24:50,384 - INFO - Completed: 6500 / To go: 5854
2025-10-14 09:24:50,385 - INFO - Records in product_list: 6500
2025-10-14 09:24:52,649 - INFO - Completed: 6600 / To go: 5754
2025-10-14 09:24:52,649 - INFO - Records in product_list: 6600
2025-10-14 09:24:54,955 - INFO - Completed: 6700 / To go: 5654
2025-10-14 09:24:54,955 - INFO - Records in product_list: 6700
2025-10-14 09:24:57,230 - INFO - Completed: 6800 / To go: 5554
2025-10-14 09:24:57,230 - INFO - Records in product_list: 6800
2025-10-14 09:24:59,739 - INFO - Completed: 6900 / To go: 5454
2025-10-14 09:24:59,739 - INFO - Records in product_list: 6900
2025-10-14 09:25:02,016 - INFO - Completed: 7000 / To go: 5354
2025-10-14 09:25:02,016 - INFO - Records in product_list: 7000
2025-10-14 09:25:04,307 - INFO - Completed: 7100 / To go: 5254
2025-10-14 09:25:04,307 - INFO - Records in product_list: 7100
2025-10-14 09:25:06,567 - INFO - Completed: 7200 / To go: 5154
2025-10-14 09:25:06,567 - INFO - Records in product_list: 7200
2025-10-14 09:25:08,896 - INFO - Completed: 7300 / To go: 5054
2025-10-14 09:25:08,896 - INFO - Records in product_list: 7300
2025-10-14 09:25:11,817 - INFO - Completed: 7400 / To go: 4954
2025-10-14 09:25:11,817 - INFO - Records in product_list: 7400
2025-10-14 09:25:14,064 - INFO - Completed: 7500 / To go: 4854
2025-10-14 09:25:14,064 - INFO - Records in product_list: 7500
2025-10-14 09:25:16,322 - INFO - Completed: 7600 / To go: 4754
2025-10-14 09:25:16,323 - INFO - Records in product_list: 7600
2025-10-14 09:25:18,809 - INFO - Completed: 7700 / To go: 4654
2025-10-14 09:25:18,809 - INFO - Records in product_list: 7700
2025-10-14 09:25:21,084 - INFO - Completed: 7800 / To go: 4554
2025-10-14 09:25:21,084 - INFO - Records in product_list: 7800
2025-10-14 09:25:23,946 - INFO - Completed: 7900 / To go: 4454
2025-10-14 09:25:23,946 - INFO - Records in product_list: 7900
2025-10-14 09:25:26,516 - INFO - Completed: 8000 / To go: 4354
2025-10-14 09:25:26,516 - INFO - Records in product_list: 8000
2025-10-14 09:25:28,841 - INFO - Completed: 8100 / To go: 4254
2025-10-14 09:25:28,841 - INFO - Records in product_list: 8100
2025-10-14 09:25:31,104 - INFO - Completed: 8200 / To go: 4154
2025-10-14 09:25:31,104 - INFO - Records in product_list: 8200
2025-10-14 09:25:33,356 - INFO - Completed: 8300 / To go: 4054
2025-10-14 09:25:33,356 - INFO - Records in product_list: 8300
2025-10-14 09:25:35,891 - INFO - Completed: 8400 / To go: 3954
2025-10-14 09:25:35,891 - INFO - Records in product_list: 8400
2025-10-14 09:25:38,188 - INFO - Completed: 8500 / To go: 3854
2025-10-14 09:25:38,188 - INFO - Records in product_list: 8500
2025-10-14 09:25:40,442 - INFO - Completed: 8600 / To go: 3754
2025-10-14 09:25:40,442 - INFO - Records in product_list: 8600
2025-10-14 09:25:42,689 - INFO - Completed: 8700 / To go: 3654
2025-10-14 09:25:42,689 - INFO - Records in product_list: 8700
2025-10-14 09:25:44,957 - INFO - Completed: 8800 / To go: 3554
2025-10-14 09:25:44,957 - INFO - Records in product_list: 8800
2025-10-14 09:25:47,995 - INFO - Completed: 8900 / To go: 3454
2025-10-14 09:25:47,995 - INFO - Records in product_list: 8900
2025-10-14 09:25:50,254 - INFO - Completed: 9000 / To go: 3354
2025-10-14 09:25:50,254 - INFO - Records in product_list: 9000
2025-10-14 09:25:52,504 - INFO - Completed: 9100 / To go: 3254
2025-10-14 09:25:52,504 - INFO - Records in product_list: 9100
2025-10-14 09:25:54,764 - INFO - Completed: 9200 / To go: 3154
2025-10-14 09:25:54,765 - INFO - Records in product_list: 9200
2025-10-14 09:25:57,021 - INFO - Completed: 9300 / To go: 3054
2025-10-14 09:25:57,021 - INFO - Records in product_list: 9300
2025-10-14 09:25:59,253 - INFO - Completed: 9400 / To go: 2954
2025-10-14 09:25:59,253 - INFO - Records in product_list: 9400
2025-10-14 09:26:01,939 - INFO - Completed: 9500 / To go: 2854
2025-10-14 09:26:01,939 - INFO - Records in product_list: 9500
2025-10-14 09:26:04,671 - INFO - Completed: 9600 / To go: 2754
2025-10-14 09:26:04,672 - INFO - Records in product_list: 9600
2025-10-14 09:26:06,925 - INFO - Completed: 9700 / To go: 2654
2025-10-14 09:26:06,925 - INFO - Records in product_list: 9700
2025-10-14 09:26:09,179 - INFO - Completed: 9800 / To go: 2554
2025-10-14 09:26:09,180 - INFO - Records in product_list: 9800
2025-10-14 09:26:11,435 - INFO - Completed: 9900 / To go: 2454
2025-10-14 09:26:11,435 - INFO - Records in product_list: 9900
2025-10-14 09:26:13,699 - INFO - Completed: 10000 / To go: 2354
2025-10-14 09:26:13,699 - INFO - Records in product_list: 10000
2025-10-14 09:26:16,438 - INFO - Completed: 10100 / To go: 2254
2025-10-14 09:26:16,438 - INFO - Records in product_list: 10100
2025-10-14 09:26:19,355 - INFO - Completed: 10200 / To go: 2154
2025-10-14 09:26:19,355 - INFO - Records in product_list: 10200
2025-10-14 09:26:21,647 - INFO - Completed: 10300 / To go: 2054
2025-10-14 09:26:21,647 - INFO - Records in product_list: 10300
2025-10-14 09:26:23,885 - INFO - Completed: 10400 / To go: 1954
2025-10-14 09:26:23,885 - INFO - Records in product_list: 10400
2025-10-14 09:26:26,132 - INFO - Completed: 10500 / To go: 1854
2025-10-14 09:26:26,132 - INFO - Records in product_list: 10500
2025-10-14 09:26:28,378 - INFO - Completed: 10600 / To go: 1754
2025-10-14 09:26:28,378 - INFO - Records in product_list: 10600
2025-10-14 09:26:30,630 - INFO - Completed: 10700 / To go: 1654
2025-10-14 09:26:30,630 - INFO - Records in product_list: 10700
2025-10-14 09:26:32,891 - INFO - Completed: 10800 / To go: 1554
2025-10-14 09:26:32,892 - INFO - Records in product_list: 10800
2025-10-14 09:26:35,148 - INFO - Completed: 10900 / To go: 1454
2025-10-14 09:26:35,148 - INFO - Records in product_list: 10900
2025-10-14 09:26:37,903 - INFO - Completed: 11000 / To go: 1354
2025-10-14 09:26:37,903 - INFO - Records in product_list: 11000
2025-10-14 09:26:40,160 - INFO - Completed: 11100 / To go: 1254
2025-10-14 09:26:40,160 - INFO - Records in product_list: 11100
2025-10-14 09:26:42,956 - INFO - Completed: 11200 / To go: 1154
2025-10-14 09:26:42,956 - INFO - Records in product_list: 11200
2025-10-14 09:26:45,208 - INFO - Completed: 11300 / To go: 1054
2025-10-14 09:26:45,208 - INFO - Records in product_list: 11300
2025-10-14 09:26:47,458 - INFO - Completed: 11400 / To go: 954
2025-10-14 09:26:47,458 - INFO - Records in product_list: 11400
2025-10-14 09:26:49,714 - INFO - Completed: 11500 / To go: 854
2025-10-14 09:26:49,714 - INFO - Records in product_list: 11500
2025-10-14 09:26:51,962 - INFO - Completed: 11600 / To go: 754
2025-10-14 09:26:51,962 - INFO - Records in product_list: 11600
2025-10-14 09:26:54,276 - INFO - Completed: 11700 / To go: 654
2025-10-14 09:26:54,276 - INFO - Records in product_list: 11700
2025-10-14 09:26:56,516 - INFO - Completed: 11800 / To go: 554
2025-10-14 09:26:56,516 - INFO - Records in product_list: 11800
2025-10-14 09:26:58,754 - INFO - Completed: 11900 / To go: 454
2025-10-14 09:26:58,754 - INFO - Records in product_list: 11900
2025-10-14 09:27:01,015 - INFO - Completed: 12000 / To go: 354
2025-10-14 09:27:01,015 - INFO - Records in product_list: 12000
2025-10-14 09:27:03,859 - INFO - Completed: 12100 / To go: 254
2025-10-14 09:27:03,860 - INFO - Records in product_list: 12100
2025-10-14 09:27:06,097 - INFO - Completed: 12200 / To go: 154
2025-10-14 09:27:06,097 - INFO - Records in product_list: 12200
2025-10-14 09:27:08,341 - INFO - Completed: 12300 / To go: 54
2025-10-14 09:27:08,341 - INFO - Records in product_list: 12300
2025-10-14 09:27:11,279 - INFO - Completed: 12354 / To go: 0
2025-10-14 09:27:11,279 - INFO - Records in product_list: 12354
2025-10-14 09:27:13,666 - INFO - Loading combined dataframe from local file: updated_combined_dataframe.csv
